Using pre-set license
Built from '2020.3/release' branch; Version is '2020.3.1f1 (77a89f25062f) revision 7841951'; Using compiler version '192528614'; Build Type 'Release'
OS: 'Windows 10 Home; OS build 19041.1052; Version 2004; 64bit' Language: 'ja' Physical Memory: 12143 MB
BatchMode: 1, IsHumanControllingUs: 0, StartBugReporterOnCrash: 0, Is64bit: 1, IsPro: 0

 COMMAND LINE ARGUMENTS:
C:\Users\tomy\Desktop\2020.3.1f1\Editor\Unity.exe
-adb2
-batchMode
-noUpm
-name
AssetImportWorker0
-projectPath
C:/Users/tomy/Desktop/ゲームデータ/PinBall
-logFile
Logs/AssetImportWorker0.log
-srvPort
52535
Successfully changed project path to: C:/Users/tomy/Desktop/ゲームデータ/PinBall
C:/Users/tomy/Desktop/ゲームデータ/PinBall
Using Asset Import Pipeline V2.
Refreshing native plugins compatible for Editor in 202.23 ms, found 0 plugins.
Preloading 0 native plugins for Editor in 0.00 ms.
Initialize engine version: 2020.3.1f1 (77a89f25062f)
[Subsystems] Discovering subsystems at path C:/Users/tomy/Desktop/2020.3.1f1/Editor/Data/Resources/UnitySubsystems
[Subsystems] Discovering subsystems at path C:/Users/tomy/Desktop/ゲームデータ/PinBall/Assets
GfxDevice: creating device client; threaded=0
Direct3D:
    Version:  Direct3D 11.0 [level 11.1]
    Renderer: Intel(R) HD Graphics 510 (ID=0x1906)
    Vendor:   
    VRAM:     6071 MB
    Driver:   24.20.100.6290
Initialize mono
Mono path[0] = 'C:/Users/tomy/Desktop/2020.3.1f1/Editor/Data/Managed'
Mono path[1] = 'C:/Users/tomy/Desktop/2020.3.1f1/Editor/Data/MonoBleedingEdge/lib/mono/unityjit'
Mono config path = 'C:/Users/tomy/Desktop/2020.3.1f1/Editor/Data/MonoBleedingEdge/etc'
Using monoOptions --debugger-agent=transport=dt_socket,embedding=1,server=y,suspend=n,address=127.0.0.1:56908
Begin MonoManager ReloadAssembly
Registering precompiled unity dll's ...
Register platform support module: C:/Users/tomy/Desktop/2020.3.1f1/Editor/Data/PlaybackEngines/WebGLSupport/UnityEditor.WebGL.Extensions.dll
Register platform support module: C:/Users/tomy/Desktop/2020.3.1f1/Editor/Data/PlaybackEngines/WindowsStandaloneSupport/UnityEditor.WindowsStandalone.Extensions.dll
Registered in 0.023327 seconds.
Native extension for WindowsStandalone target not found
Native extension for WebGL target not found
Refreshing native plugins compatible for Editor in 138.64 ms, found 0 plugins.
Preloading 0 native plugins for Editor in 0.00 ms.
Invoked RoslynAnalysisRunner static constructor.
RoslynAnalysisRunner will not be running.
RoslynAnalysisRunner has terminated.
Mono: successfully reloaded assembly
- Completed reload, in 18.999 seconds
Platform modules already initialized, skipping
Registering precompiled user dll's ...
Registered in 0.009987 seconds.
Begin MonoManager ReloadAssembly
